


ARM Macro Assembler    Page 1 


    1 00000000                 AREA             lab1_3, CODE, READONLY
    2 00000000                 ENTRY
    3 00000000         
    4 00000000 E59F0024        LDR              r0, A       ;Put A in register 
                                                            r0
    5 00000004 E59F1024        LDR              r1, B       ; Put B in register
                                                             r1
    6 00000008 E59F2024        LDR              r2, C       ;Put C in register 
                                                            r2
    7 0000000C E59F3024        LDR              r3, D       ;Put D in register 
                                                            r3
    8 00000010 E59F4024        LDR              r4, E       ;Put E in register 
                                                            r4
    9 00000014 E0050493        MUL              r5, r3, r4  ; multiply r3 and r
                                                            4 store in r5
   10 00000018 E0425005        SUB              r5, r2, r5  ; subtract r5 from 
                                                            r2 store in r5
   11 0000001C E0855001        ADD              r5, r5, r1  ; add r0 and r2 sto
                                                            re in r7
   12 00000020 E0855000        ADD              r5, r5, r0  ; add r7 and r1 sto
                                                            re in r0
   13 00000024 E58F5014        STR              r5, Z       ; Store r5 at locat
                                                            ion Z
   14 00000028         
   15 00000028 EAFFFFFE 
                       loop    b                loop
   16 0000002C         
   17 0000002C                 AREA             lab1_3, DATA, READWRITE
   18 0000002C 00000004 
                       A       DCD              4           ;
   19 00000030 0000000C 
                       B       DCD              12          ;
   20 00000034 FFFFFFFC 
                       C       DCD              -4          ;
   21 00000038 FFFFFFFE 
                       D       DCD              -2          ;
   22 0000003C FFFFFFF7 
                       E       DCD              -9          ;
   23 00000040 00000000 
                       Z       DCD              0           ;
   24 00000044         
   25 00000044                 END
Command Line: --debug --xref --bi --apcs=interwork --depend=.\lab1.d -o.\lab1.o
 -IC:\Keil\ARM\RV31\INC -IC:\Keil\ARM\CMSIS\Include --predefine="__EVAL SETA 1"
 --list=.\lab1.lst lab1.s



ARM Macro Assembler    Page 1 Alphabetic symbol ordering
Relocatable symbols

A 0000002C

Symbol: A
   Definitions
      At line 18 in file lab1.s
   Uses
      At line 4 in file lab1.s
Comment: A used once
B 00000030

Symbol: B
   Definitions
      At line 19 in file lab1.s
   Uses
      At line 5 in file lab1.s
Comment: B used once
C 00000034

Symbol: C
   Definitions
      At line 20 in file lab1.s
   Uses
      At line 6 in file lab1.s
Comment: C used once
D 00000038

Symbol: D
   Definitions
      At line 21 in file lab1.s
   Uses
      At line 7 in file lab1.s
Comment: D used once
E 0000003C

Symbol: E
   Definitions
      At line 22 in file lab1.s
   Uses
      At line 8 in file lab1.s
Comment: E used once
Z 00000040

Symbol: Z
   Definitions
      At line 23 in file lab1.s
   Uses
      At line 13 in file lab1.s
Comment: Z used once
lab1_3 00000000

Symbol: lab1_3
   Definitions
      At line 1 in file lab1.s
   Uses
      None
Comment: lab1_3 unused
loop 00000028

Symbol: loop



ARM Macro Assembler    Page 2 Alphabetic symbol ordering
Relocatable symbols

   Definitions
      At line 15 in file lab1.s
   Uses
      At line 15 in file lab1.s
Comment: loop used once
8 symbols
339 symbols in table
