


ARM Macro Assembler    Page 1 


    1 00000000                 AREA             question1, CODE, READONLY
    2 00000000                 ENTRY
    3 00000000 E28F0038        ADR              r0, UPC     ; r0 points to UPC 
                                                            
    4 00000004         
    5 00000004         ; main control loop
    6 00000004 E355000C 
                       LOOP    CMP              r5, #12     ; Check if Counter 
                                                            - 12 = 0
    7 00000008 0A000008        BEQ              FLOOP       ; if counter = 0, t
                                                            hen go to FLOOP (fi
                                                            nal loop)
    8 0000000C         ; odd number
    9 0000000C E4D03001        LDRB             r3, [r0], #1 ; Load temporary p
                                                            ointer with UPC[off
                                                            set COUNTER], then 
                                                            increment UPC
   10 00000010 E2433030        SUB              r3, r3, #48 ; Subtract 48 from 
                                                            temp to convert fro
                                                            m hex to decimal di
                                                            git
   11 00000014 E0833083        ADD              r3, r3, r3, LSL #1 ; multiply o
                                                            dd digit number by 
                                                            3
   12 00000018 E0844003        ADD              r4, r4, r3  ; add odd number to
                                                             sum
   13 0000001C         ; even number
   14 0000001C E4D03001        LDRB             r3, [r0], #1 ; Load temp with U
                                                            PC[offset COUNTER],
                                                             increment counter
   15 00000020 E2433030        SUB              r3, r3, #48 ; Subtract 48 from 
                                                            temp to convert fro
                                                            m hex to decimal di
                                                            git
   16 00000024 E0844003        ADD              r4, r4, r3  ; add temp to SUM
   17 00000028 E2855002        ADD              r5, r5, #2  ; increment counter
                                                            
   18 0000002C EAFFFFF4        B                LOOP        ; Send back to loop
                                                             to add next next s
                                                            et of odd and even 
                                                            digits
   19 00000030         
   20 00000030         ; final loop
   21 00000030 E254400A 
                       FLOOP   SUBS             r4, r4, #10 ; subtract 10 from 
                                                            final sum until 0 o
                                                            r negative
   22 00000034 03A00001        MOVEQ            r0, #1      ; if equal to 0, th
                                                            en sum is valid sin
                                                            ce sum is a multipl
                                                            e of 10.
   23 00000038 B3A00002        MOVLT            r0, #2      ; if less than 0, t
                                                            hen the sum is inva
                                                            lid since final sum
                                                             mod 10
   24 0000003C         ; must equal 0 to be valid. Once it is less then it is n
                       ot a multiple of 10.
   25 0000003C CAFFFFFB        BGT              FLOOP       ; else, Loop again
   26 00000040         



ARM Macro Assembler    Page 2 


   27 00000040         ; data definitions
   28 00000040 30 36 30 
              33 38 33 
              33 32 38 
              37 38 33 UPC     DCB              "060383328783" ; UPC string
   29 0000004C                 END
Command Line: --debug --xref --bi --apcs=interwork --depend=.\question1.d -o.\q
uestion1.o -IC:\Keil\ARM\RV31\INC -IC:\Keil\ARM\CMSIS\Include --predefine="__EV
AL SETA 1" --list=.\question1.lst question1.s



ARM Macro Assembler    Page 1 Alphabetic symbol ordering
Relocatable symbols

FLOOP 00000030

Symbol: FLOOP
   Definitions
      At line 21 in file question1.s
   Uses
      At line 7 in file question1.s
      At line 25 in file question1.s

LOOP 00000004

Symbol: LOOP
   Definitions
      At line 6 in file question1.s
   Uses
      At line 18 in file question1.s
Comment: LOOP used once
UPC 00000040

Symbol: UPC
   Definitions
      At line 28 in file question1.s
   Uses
      At line 3 in file question1.s
Comment: UPC used once
question1 00000000

Symbol: question1
   Definitions
      At line 1 in file question1.s
   Uses
      None
Comment: question1 unused
4 symbols
335 symbols in table
